2017-11-30 16:55:05.443 -- /**********************************硬件控制动态库 -- 程序启动*******************************************/

2017-11-30 16:55:05.540 -- 扫码工作线程,串口[端口:3]打开失败

2017-11-30 16:55:12.075 -- 扫码工作线程,发送数据到设备:8 -- DF A3 00 01 08 36 22 FD 

2017-11-30 16:55:12.106 -- 扫码工作线程,控制扫码提示灯，设置为:全熄灭

2017-11-30 16:55:15.310 -- 扫码工作线程,发送数据到设备:8 -- DF A3 00 01 08 36 22 FD 

2017-11-30 16:55:15.342 -- 扫码工作线程,控制扫码提示灯，设置为:全熄灭

2017-11-30 16:55:15.396 -- 扫码管理线程，程序退出...

2017-11-30 16:57:31.781 -- /**********************************硬件控制动态库 -- 程序启动*******************************************/

2017-11-30 16:57:31.903 -- 扫码工作线程,串口[端口:3]打开失败

2017-11-30 16:57:38.042 -- 扫码工作线程,发送数据到设备:8 -- DF A3 00 01 08 36 22 FD 

2017-11-30 16:57:38.073 -- 扫码工作线程,控制扫码提示灯，设置为:全熄灭

2017-11-30 16:57:41.778 -- 扫码工作线程,发送数据到设备:8 -- DF A3 00 01 08 36 22 FD 

2017-11-30 16:57:41.812 -- 扫码工作线程,控制扫码提示灯，设置为:全熄灭

2017-11-30 16:57:41.874 -- 扫码管理线程，程序退出...

2017-11-30 16:58:02.266 -- /**********************************硬件控制动态库 -- 程序启动*******************************************/

2017-11-30 16:58:02.327 -- 扫码工作线程,串口[端口:3]打开失败

2017-11-30 16:58:09.058 -- 扫码工作线程,发送数据到设备:8 -- DF A3 00 01 08 36 22 FD 

2017-11-30 16:58:09.089 -- 扫码工作线程,控制扫码提示灯，设置为:全熄灭

2017-11-30 16:58:14.491 -- 扫码工作线程,发送数据到设备:8 -- DF A3 00 01 08 36 22 FD 

2017-11-30 16:58:14.522 -- 扫码工作线程,控制扫码提示灯，设置为:全熄灭

2017-11-30 16:58:14.534 -- 扫码管理线程，程序退出...

2017-11-30 16:58:28.944 -- /**********************************硬件控制动态库 -- 程序启动*******************************************/

2017-11-30 16:58:29.004 -- 扫码工作线程,串口[端口:3]打开失败

2017-11-30 16:58:35.042 -- 扫码工作线程,发送数据到设备:8 -- DF A3 00 01 08 36 22 FD 

2017-11-30 16:58:35.073 -- 扫码工作线程,控制扫码提示灯，设置为:全熄灭

2017-11-30 16:58:40.981 -- 扫码工作线程,发送数据到设备:8 -- DF A3 00 01 08 36 22 FD 

2017-11-30 16:58:41.013 -- 扫码工作线程,控制扫码提示灯，设置为:全熄灭

2017-11-30 16:58:41.024 -- 扫码管理线程，程序退出...

2017-11-30 16:58:47.806 -- /**********************************硬件控制动态库 -- 程序启动*******************************************/

2017-11-30 16:58:47.865 -- 扫码工作线程,串口[端口:3]打开失败

2017-11-30 16:58:54.108 -- 扫码工作线程,发送数据到设备:8 -- DF A3 00 01 08 36 22 FD 

2017-11-30 16:58:54.139 -- 扫码工作线程,控制扫码提示灯，设置为:全熄灭

2017-11-30 16:58:59.851 -- 扫码工作线程,发送数据到设备:8 -- DF A3 00 01 08 36 22 FD 

2017-11-30 16:58:59.883 -- 扫码工作线程,控制扫码提示灯，设置为:全熄灭

2017-11-30 16:58:59.898 -- 扫码管理线程，程序退出...

